Copyright 1986-2022 Xilinx, Inc. All Rights Reserved. Copyright 2022-2024 Advanced Micro Devices, Inc. All Rights Reserved.
---------------------------------------------------------------------------------------------------------------------------------------------
| Tool Version : Vivado v.2024.2 (win64) Build 5239630 Fri Nov 08 22:35:27 MST 2024
| Date         : Wed May 14 12:46:03 2025
| Host         : Gralerfics running 64-bit major release  (build 9200)
| Command      : upgrade_ip
| Device       : xc7a200tfbg484-2
---------------------------------------------------------------------------------------------------------------------------------------------

Upgrade Log for IP 'ddr3_clock'

1. Summary
----------

SUCCESS in the upgrade of ddr3_clock (xilinx.com:ip:clk_wiz:6.0) from (Rev. 8) to (Rev. 15)






Copyright 1986-2022 Xilinx, Inc. All Rights Reserved. Copyright 2022-2024 Advanced Micro Devices, Inc. All Rights Reserved.
---------------------------------------------------------------------------------------------------------------------------------------------
| Tool Version : Vivado v.2024.2 (win64) Build 5239630 Fri Nov 08 22:35:27 MST 2024
| Date         : Wed May 14 12:46:02 2025
| Host         : Gralerfics running 64-bit major release  (build 9200)
| Command      : upgrade_ip
| Device       : xc7a200tfbg484-2
---------------------------------------------------------------------------------------------------------------------------------------------

Upgrade Log for IP 'clock'

1. Summary
----------

SUCCESS in the upgrade of clock (xilinx.com:ip:clk_wiz:6.0) from (Rev. 8) to (Rev. 15)

